0 info it worked if it ends with ok
1 verbose cli [ '/usr/bin/node',
1 verbose cli   '/usr/bin/npm',
1 verbose cli   'install',
1 verbose cli   '--save-dev',
1 verbose cli   'api-changes-checker' ]
2 info using npm@3.5.2
3 info using node@v8.10.0
4 silly loadCurrentTree Starting
5 silly install loadCurrentTree
6 silly install readLocalPackageData
7 silly fetchPackageMetaData api-changes-checker
8 silly fetchNamedPackageData api-changes-checker
9 silly mapToRegistry name api-changes-checker
10 silly mapToRegistry using default registry
11 silly mapToRegistry registry https://registry.npmjs.org/
12 silly mapToRegistry uri https://registry.npmjs.org/api-changes-checker
13 verbose request uri https://registry.npmjs.org/api-changes-checker
14 verbose request no auth needed
15 info attempt registry request try #1 at 11:46:12 PM
16 verbose request using bearer token for auth
17 verbose request id 467c5e165acad7ac
18 http request GET https://registry.npmjs.org/api-changes-checker
19 http 200 https://registry.npmjs.org/api-changes-checker
20 verbose headers { date: 'Sat, 15 Jun 2019 21:46:13 GMT',
20 verbose headers   'content-type': 'application/json',
20 verbose headers   'transfer-encoding': 'chunked',
20 verbose headers   connection: 'keep-alive',
20 verbose headers   'set-cookie':
20 verbose headers    [ '__cfduid=dfe1d822b08c0a239352d2227411307c31560635172; expires=Sun, 14-Jun-20 21:46:12 GMT; path=/; domain=.npmjs.org; HttpOnly' ],
20 verbose headers   'cf-cache-status': 'MISS',
20 verbose headers   'cache-control': 'max-age=300',
20 verbose headers   'cf-ray': '4e77bc464f2bcae0-ARN',
20 verbose headers   etag: 'W/"98e82cc1c7848964328125c7a13c9ec3"',
20 verbose headers   'expect-ct': 'max-age=604800, report-uri="https://report-uri.cloudflare.com/cdn-cgi/beacon/expect-ct"',
20 verbose headers   'last-modified': 'Sat, 15 Jun 2019 21:45:03 GMT',
20 verbose headers   vary: 'accept-encoding, accept',
20 verbose headers   'x-amz-meta-rev': '7-4bc47df8000c59de5614998f173cb8b1',
20 verbose headers   server: 'cloudflare',
20 verbose headers   'content-encoding': 'gzip' }
21 silly get cb [ 200,
21 silly get   { date: 'Sat, 15 Jun 2019 21:46:13 GMT',
21 silly get     'content-type': 'application/json',
21 silly get     'transfer-encoding': 'chunked',
21 silly get     connection: 'keep-alive',
21 silly get     'set-cookie':
21 silly get      [ '__cfduid=dfe1d822b08c0a239352d2227411307c31560635172; expires=Sun, 14-Jun-20 21:46:12 GMT; path=/; domain=.npmjs.org; HttpOnly' ],
21 silly get     'cf-cache-status': 'MISS',
21 silly get     'cache-control': 'max-age=300',
21 silly get     'cf-ray': '4e77bc464f2bcae0-ARN',
21 silly get     etag: 'W/"98e82cc1c7848964328125c7a13c9ec3"',
21 silly get     'expect-ct': 'max-age=604800, report-uri="https://report-uri.cloudflare.com/cdn-cgi/beacon/expect-ct"',
21 silly get     'last-modified': 'Sat, 15 Jun 2019 21:45:03 GMT',
21 silly get     vary: 'accept-encoding, accept',
21 silly get     'x-amz-meta-rev': '7-4bc47df8000c59de5614998f173cb8b1',
21 silly get     server: 'cloudflare',
21 silly get     'content-encoding': 'gzip' } ]
22 verbose get saving api-changes-checker to /home/vic/.npm/registry.npmjs.org/api-changes-checker/.cache.json
23 silly install normalizeTree
24 silly loadCurrentTree Finishing
25 silly loadIdealTree Starting
26 silly install loadIdealTree
27 silly cloneCurrentTree Starting
28 silly install cloneCurrentTreeToIdealTree
29 silly cloneCurrentTree Finishing
30 silly loadShrinkwrap Starting
31 silly install loadShrinkwrap
32 silly loadShrinkwrap Finishing
33 silly loadAllDepsIntoIdealTree Starting
34 silly install loadAllDepsIntoIdealTree
35 silly rollbackFailedOptional Starting
36 silly rollbackFailedOptional Finishing
37 silly runTopLevelLifecycles Starting
38 silly runTopLevelLifecycles Finishing
39 silly install printInstalled
40 verbose stack Error: Refusing to install api-changes-checker as a dependency of itself
40 verbose stack     at checkSelf (/usr/share/npm/lib/install/validate-args.js:40:14)
40 verbose stack     at Array.<anonymous> (/usr/share/npm/node_modules/slide/lib/bind-actor.js:15:8)
40 verbose stack     at LOOP (/usr/share/npm/node_modules/slide/lib/chain.js:15:14)
40 verbose stack     at chain (/usr/share/npm/node_modules/slide/lib/chain.js:20:5)
40 verbose stack     at /usr/share/npm/lib/install/validate-args.js:15:5
40 verbose stack     at /usr/share/npm/node_modules/slide/lib/async-map.js:52:35
40 verbose stack     at Array.forEach (<anonymous>)
40 verbose stack     at /usr/share/npm/node_modules/slide/lib/async-map.js:52:11
40 verbose stack     at Array.forEach (<anonymous>)
40 verbose stack     at asyncMap (/usr/share/npm/node_modules/slide/lib/async-map.js:51:8)
41 verbose cwd /home/vic/projects/api-checker
42 error Linux 4.18.0-21-generic
43 error argv "/usr/bin/node" "/usr/bin/npm" "install" "--save-dev" "api-changes-checker"
44 error node v8.10.0
45 error npm  v3.5.2
46 error code ENOSELF
47 error Refusing to install api-changes-checker as a dependency of itself
48 error If you need help, you may report this error at:
48 error     <https://github.com/npm/npm/issues>
49 verbose exit [ 1, true ]
